<?xml version="1.0" encoding="UTF-8"?>
<!-- Generated by org.testng.reporters.JUnitReportReporter -->
<testsuite hostname="DESKTOP-GOPMUT6" failures="0" tests="7" name="com.apiTesting.test.ResourceTests" time="5.502" errors="0" timestamp="2024-11-24T05:33:48 PST" skipped="0">
  <testcase classname="com.apiTesting.test.ResourceTests" name="testCreateResource" time="1.062"/>
  <system-out/>
  <testcase classname="com.apiTesting.test.ResourceTests" name="testUpdateResource" time="0.865"/>
  <system-out/>
  <testcase classname="com.apiTesting.test.ResourceTests" name="testGetSingleResource" time="0.436"/>
  <system-out/>
  <testcase classname="com.apiTesting.test.ResourceTests" name="testDeleteResource" time="0.747"/>
  <system-out/>
  <testcase classname="com.apiTesting.test.ResourceTests" name="testGetResources" time="0.758"/>
  <system-out/>
  <testcase classname="com.apiTesting.test.ResourceTests" name="testCreateResource" time="0.738"/>
  <system-out/>
  <testcase classname="com.apiTesting.test.ResourceTests" name="testCreateResource" time="0.896"/>
  <system-out/>
</testsuite> <!-- com.apiTesting.test.ResourceTests -->
