<?xml version="1.0" encoding="UTF-8"?>
<!-- Generated by org.testng.reporters.JUnitReportReporter -->
<testsuite hostname="DESKTOP-GOPMUT6" failures="0" tests="8" name="com.apiTesting.test.UserTests" time="6.076" errors="0" timestamp="2024-11-24T05:33:48 PST" skipped="0">
  <testcase classname="com.apiTesting.test.UserTests" name="testCreateUser" time="0.808"/>
  <system-out/>
  <testcase classname="com.apiTesting.test.UserTests" name="testLoginUserValid" time="0.812"/>
  <system-out/>
  <testcase classname="com.apiTesting.test.UserTests" name="testLoginUserInvalid" time="0.861"/>
  <system-out/>
  <testcase classname="com.apiTesting.test.UserTests" name="testCreateUser" time="0.822"/>
  <system-out/>
  <testcase classname="com.apiTesting.test.UserTests" name="testUpdateUser" time="0.873"/>
  <system-out/>
  <testcase classname="com.apiTesting.test.UserTests" name="testGetUsers" time="0.377"/>
  <system-out/>
  <testcase classname="com.apiTesting.test.UserTests" name="testCreateUser" time="0.769"/>
  <system-out/>
  <testcase classname="com.apiTesting.test.UserTests" name="testDeleteUser" time="0.754"/>
  <system-out/>
</testsuite> <!-- com.apiTesting.test.UserTests -->
