<?xml version="1.0" encoding="UTF-8"?>
<!-- Generated by org.testng.reporters.JUnitReportReporter -->
<testsuite hostname="DESKTOP-GOPMUT6" failures="0" tests="6" name="com.apiTesting.GetTests" time="10.280" errors="0" timestamp="2024-11-24T05:33:48 PST" skipped="0">
  <testcase classname="com.apiTesting.GetTests" name="testGetDelayedResponse" time="6.188"/>
  <system-out/>
  <testcase classname="com.apiTesting.GetTests" name="testGetSingleResource" time="0.832"/>
  <system-out/>
  <testcase classname="com.apiTesting.GetTests" name="testGetListOfResources" time="1.091"/>
  <system-out/>
  <testcase classname="com.apiTesting.GetTests" name="testGetListOfUsers" time="0.944"/>
  <system-out/>
  <testcase classname="com.apiTesting.GetTests" name="testGetSingleUser" time="0.438"/>
  <system-out/>
  <testcase classname="com.apiTesting.GetTests" name="testGetSingleUserInvalid" time="0.787"/>
  <system-out/>
</testsuite> <!-- com.apiTesting.GetTests -->
